<?xml version="1.0" encoding="UTF-8"?>
<!-- Generated by org.testng.reporters.JUnitXMLReporter -->
<testsuite ignored="0" hostname="sakshi" failures="2" tests="2" name="Test" time="24.651" errors="0" timestamp="2024-08-09T15:53:19 IST">
  <testcase classname="coverFoxTest.CoverFoxListener" name="ChecksortPlan" time="4.04">
    <failure type="java.lang.AssertionError" message="null">
      <![CDATA[java.lang.AssertionError: null
at coverFoxTest.CoverFoxListener.ChecksortPlan(CoverFoxListener.java:90)
at java.base/java.util.ArrayList.forEach(ArrayList.java:1597)
... Removed 27 stack frames]]>
    </failure>
  </testcase> <!-- ChecksortPlan -->
  <testcase classname="coverFoxTest.CoverFoxListener" name="validationBanners" time="4.011">
    <failure type="java.lang.AssertionError" message="null">
      <![CDATA[java.lang.AssertionError: null
at coverFoxTest.CoverFoxListener.validationBanners(CoverFoxListener.java:80)
at java.base/java.util.ArrayList.forEach(ArrayList.java:1597)
... Removed 27 stack frames]]>
    </failure>
  </testcase> <!-- validationBanners -->
</testsuite> <!-- Test -->
